<?xml version="1.0" encoding="UTF-8"?>
<!-- Generated by org.testng.reporters.JUnitReportReporter -->
<testsuite hostname="DESKTOP-RGL4EEL" failures="0" tests="2" name="com.runner.TestRunner" time="4.559" errors="0" timestamp="2023-03-27T12:48:03 EDT" skipped="0">
  <testcase classname="com.runner.TestRunner" name="runScenario" time="2.341"/>
  <system-out/>
  <testcase classname="com.runner.TestRunner" name="runScenario" time="2.218"/>
  <system-out/>
</testsuite> <!-- com.runner.TestRunner -->
